<?xml version="1.0" encoding="utf-8"?><testsuites name="pytest tests"><testsuite name="pytest" errors="0" failures="0" skipped="0" tests="21" time="5.922" timestamp="2026-03-24T01:33:22.537562+00:00" hostname="agent-env-f096cf30-c195-4bda-bdbe-295082ccd6d9"><testcase classname="backend.tests.test_v2_features.TestBankEndpoints" name="test_get_banks_empty" time="0.194" /><testcase classname="backend.tests.test_v2_features.TestBankEndpoints" name="test_create_bank" time="0.213" /><testcase classname="backend.tests.test_v2_features.TestBankEndpoints" name="test_delete_bank" time="0.340" /><testcase classname="backend.tests.test_v2_features.TestProfileVisibility" name="test_toggle_visibility" time="0.230" /><testcase classname="backend.tests.test_v2_features.TestSocialFeatures" name="test_get_community_users" time="0.121" /><testcase classname="backend.tests.test_v2_features.TestSocialFeatures" name="test_send_connection_request" time="0.245" /><testcase classname="backend.tests.test_v2_features.TestSocialFeatures" name="test_accept_connection" time="0.217" /><testcase classname="backend.tests.test_v2_features.TestSocialFeatures" name="test_reject_connection" time="0.240" /><testcase classname="backend.tests.test_v2_features.TestSocialFeatures" name="test_get_connections" time="0.372" /><testcase classname="backend.tests.test_v2_features.TestNotifications" name="test_get_notifications" time="0.132" /><testcase classname="backend.tests.test_v2_features.TestNotifications" name="test_mark_notifications_read" time="0.177" /><testcase classname="backend.tests.test_v2_features.TestSharedTransactions" name="test_create_shared_transaction" time="0.479" /><testcase classname="backend.tests.test_v2_features.TestSharedTransactions" name="test_accept_shared_transaction" time="0.604" /><testcase classname="backend.tests.test_v2_features.TestBudgetComparison" name="test_income_budget_comparison" time="0.354" /><testcase classname="backend.tests.test_v2_features.TestDocumentEndpoints" name="test_list_documents_empty" time="0.105" /><testcase classname="backend.tests.test_v2_features.TestDocumentEndpoints" name="test_upload_document" time="0.476" /><testcase classname="backend.tests.test_v2_features.TestAdminEndpoints" name="test_admin_get_user_dashboard" time="0.157" /><testcase classname="backend.tests.test_v2_features.TestAdminEndpoints" name="test_admin_create_debt_for_user" time="0.218" /><testcase classname="backend.tests.test_v2_features.TestAdminEndpoints" name="test_admin_update_transaction" time="0.421" /><testcase classname="backend.tests.test_v2_features.TestAdminEndpoints" name="test_admin_delete_user_debt" time="0.350" /><testcase classname="backend.tests.test_v2_features.TestAdminEndpoints" name="test_non_admin_cannot_access" time="0.138" /></testsuite></testsuites>