<?xml version="1.0" encoding="utf-8"?><testsuites name="pytest tests"><testsuite name="pytest" errors="0" failures="0" skipped="0" tests="17" time="4.489" timestamp="2026-04-25T01:01:35.778104+00:00" hostname="agent-env-72c43a2c-00f1-43ab-b8ed-7d35d35bb78e"><testcase classname="backend.tests.test_iteration10.TestHealthCheck" name="test_api_health" time="0.817" /><testcase classname="backend.tests.test_iteration10.TestBudgetWithMonth" name="test_create_budget_with_month" time="0.122" /><testcase classname="backend.tests.test_iteration10.TestBudgetWithMonth" name="test_create_budget_with_comment" time="0.174" /><testcase classname="backend.tests.test_iteration10.TestBudgetWithMonth" name="test_create_income_budget_with_month" time="0.110" /><testcase classname="backend.tests.test_iteration10.TestBudgetWithMonth" name="test_get_budget_comparison_with_month_filter" time="0.204" /><testcase classname="backend.tests.test_iteration10.TestBudgetWithMonth" name="test_get_income_budget_comparison_with_month" time="0.214" /><testcase classname="backend.tests.test_iteration10.TestBudgetWithMonth" name="test_budget_comparison_returns_comment" time="0.116" /><testcase classname="backend.tests.test_iteration10.TestEditSavingsGoal" name="test_create_and_edit_savings_goal" time="0.459" /><testcase classname="backend.tests.test_iteration10.TestEditSavingsGoal" name="test_edit_savings_goal_not_found" time="0.185" /><testcase classname="backend.tests.test_iteration10.TestEditSavingsGoal" name="test_edit_savings_goal_missing_amount" time="0.228" /><testcase classname="backend.tests.test_iteration10.TestEditDebt" name="test_create_and_edit_debt" time="0.359" /><testcase classname="backend.tests.test_iteration10.TestEditDebt" name="test_edit_debt_not_found" time="0.129" /><testcase classname="backend.tests.test_iteration10.TestEditDebt" name="test_edit_debt_missing_amount" time="0.307" /><testcase classname="backend.tests.test_iteration10.TestReportsEndpoint" name="test_reports_returns_annual_overview" time="0.152" /><testcase classname="backend.tests.test_iteration10.TestReportsEndpoint" name="test_reports_returns_stacked_chart" time="0.130" /><testcase classname="backend.tests.test_iteration10.TestReportsEndpoint" name="test_reports_annual_overview_months_are_correct" time="0.123" /><testcase classname="backend.tests.test_iteration10.TestBudgetDefaultMonth" name="test_budget_defaults_to_current_month" time="0.573" /></testsuite></testsuites>