<?xml version="1.0" encoding="utf-8"?><testsuites name="pytest tests"><testsuite name="pytest" errors="0" failures="0" skipped="0" tests="18" time="7.844" timestamp="2026-05-01T22:51:23.243842+00:00" hostname="agent-env-72c43a2c-00f1-43ab-b8ed-7d35d35bb78e"><testcase classname="backend.tests.test_iteration12_features.TestAIFinancialChat" name="test_ai_chat_requires_auth" time="1.426" /><testcase classname="backend.tests.test_iteration12_features.TestAIFinancialChat" name="test_ai_chat_requires_message" time="0.772" /><testcase classname="backend.tests.test_iteration12_features.TestAIFinancialChat" name="test_ai_chat_success" time="1.215" /><testcase classname="backend.tests.test_iteration12_features.TestPocketWithdraw" name="test_pocket_withdraw_requires_auth" time="0.107" /><testcase classname="backend.tests.test_iteration12_features.TestPocketWithdraw" name="test_pocket_withdraw_flow" time="0.416" /><testcase classname="backend.tests.test_iteration12_features.TestPocketWithdraw" name="test_pocket_withdraw_insufficient_funds" time="0.113" /><testcase classname="backend.tests.test_iteration12_features.TestPocketWithdraw" name="test_pocket_withdraw_invalid_amount" time="0.141" /><testcase classname="backend.tests.test_iteration12_features.TestPocketEdit" name="test_pocket_edit_requires_auth" time="0.111" /><testcase classname="backend.tests.test_iteration12_features.TestPocketEdit" name="test_pocket_edit_balance" time="0.238" /><testcase classname="backend.tests.test_iteration12_features.TestPocketEdit" name="test_pocket_edit_negative_balance_fails" time="0.146" /><testcase classname="backend.tests.test_iteration12_features.TestAdminSubscription" name="test_subscription_requires_admin" time="0.983" /><testcase classname="backend.tests.test_iteration12_features.TestAdminSubscription" name="test_set_subscription_payment_day" time="0.117" /><testcase classname="backend.tests.test_iteration12_features.TestAdminSubscription" name="test_confirm_subscription_payment" time="0.151" /><testcase classname="backend.tests.test_iteration12_features.TestAdminSubscription" name="test_get_subscriptions" time="0.104" /><testcase classname="backend.tests.test_iteration12_features.TestAdminSendReminderEmail" name="test_send_reminder_requires_admin" time="0.132" /><testcase classname="backend.tests.test_iteration12_features.TestAdminSendReminderEmail" name="test_send_payment_reminder" time="0.972" /><testcase classname="backend.tests.test_iteration12_features.TestAdminSendReminderEmail" name="test_send_meeting_reminder_no_meetings" time="0.122" /><testcase classname="backend.tests.test_iteration12_features.TestCleanup" name="test_cleanup_pocket" time="0.509" /></testsuite></testsuites>