<?xml version="1.0" encoding="utf-8"?><testsuites name="pytest tests"><testsuite name="pytest" errors="0" failures="0" skipped="0" tests="10" time="3.502" timestamp="2026-05-22T17:14:01.077620+00:00" hostname="agent-env-72c43a2c-00f1-43ab-b8ed-7d35d35bb78e"><testcase classname="backend.tests.test_iteration13_features.TestStreakEndpoint" name="test_streak_requires_auth" time="0.289" /><testcase classname="backend.tests.test_iteration13_features.TestStreakEndpoint" name="test_streak_returns_correct_fields" time="0.807" /><testcase classname="backend.tests.test_iteration13_features.TestStreakEndpoint" name="test_streak_increments_with_transactions" time="0.409" /><testcase classname="backend.tests.test_iteration13_features.TestDebtAutoCategory" name="test_debt_creates_expense_category" time="0.379" /><testcase classname="backend.tests.test_iteration13_features.TestSavingsAutoCategory" name="test_savings_creates_expense_category" time="0.353" /><testcase classname="backend.tests.test_iteration13_features.TestBudgetBiweeklyFields" name="test_budget_accepts_biweekly_fields" time="0.135" /><testcase classname="backend.tests.test_iteration13_features.TestBudgetBiweeklyFields" name="test_budget_comparison_returns_biweekly_fields" time="0.118" /><testcase classname="backend.tests.test_iteration13_features.TestBudgetBiweeklyFields" name="test_budget_update_biweekly_done_checkbox" time="0.378" /><testcase classname="backend.tests.test_iteration13_features.TestHealthAndBasicEndpoints" name="test_api_health" time="0.117" /><testcase classname="backend.tests.test_iteration13_features.TestHealthAndBasicEndpoints" name="test_auth_me_requires_auth" time="0.452" /></testsuite></testsuites>