<?xml version="1.0" encoding="utf-8"?><testsuites name="pytest tests"><testsuite name="pytest" errors="0" failures="0" skipped="0" tests="15" time="3.025" timestamp="2026-03-23T20:52:29.665437+00:00" hostname="agent-env-f096cf30-c195-4bda-bdbe-295082ccd6d9"><testcase classname="backend.tests.test_admin_bug_fix.TestHealthCheck" name="test_api_health" time="0.259" /><testcase classname="backend.tests.test_admin_bug_fix.TestAuthEndpoints" name="test_auth_me_returns_user_data" time="0.238" /><testcase classname="backend.tests.test_admin_bug_fix.TestAuthEndpoints" name="test_auth_me_without_token_returns_401" time="0.114" /><testcase classname="backend.tests.test_admin_bug_fix.TestAdminBugFix" name="test_admin_status_preserved_in_db" time="0.158" /><testcase classname="backend.tests.test_admin_bug_fix.TestAdminEndpoints" name="test_admin_users_list" time="0.153" /><testcase classname="backend.tests.test_admin_bug_fix.TestAdminEndpoints" name="test_admin_summary" time="0.124" /><testcase classname="backend.tests.test_admin_bug_fix.TestAdminEndpoints" name="test_admin_toggle_admin_status" time="0.288" /><testcase classname="backend.tests.test_admin_bug_fix.TestAdminEndpoints" name="test_admin_delete_user" time="0.124" /><testcase classname="backend.tests.test_admin_bug_fix.TestAdminEndpoints" name="test_admin_endpoints_require_admin" time="0.116" /><testcase classname="backend.tests.test_admin_bug_fix.TestTransactionsCRUD" name="test_get_transactions" time="0.119" /><testcase classname="backend.tests.test_admin_bug_fix.TestTransactionsCRUD" name="test_create_and_delete_transaction" time="0.315" /><testcase classname="backend.tests.test_admin_bug_fix.TestDebtsCRUD" name="test_get_debts" time="0.099" /><testcase classname="backend.tests.test_admin_bug_fix.TestDebtsCRUD" name="test_create_pay_delete_debt" time="0.359" /><testcase classname="backend.tests.test_admin_bug_fix.TestSavingsCRUD" name="test_get_savings" time="0.104" /><testcase classname="backend.tests.test_admin_bug_fix.TestSavingsCRUD" name="test_create_contribute_delete_savings" time="0.336" /></testsuite></testsuites>