<?xml version="1.0" encoding="utf-8"?><testsuites name="pytest tests"><testsuite name="pytest" errors="0" failures="0" skipped="0" tests="17" time="8.964" timestamp="2026-03-23T21:54:51.868958+00:00" hostname="agent-env-f096cf30-c195-4bda-bdbe-295082ccd6d9"><testcase classname="backend.tests.test_new_features.TestHealthCheck" name="test_api_health" time="0.224" /><testcase classname="backend.tests.test_new_features.TestDebtSnowball" name="test_snowball_empty_debts" time="1.740" /><testcase classname="backend.tests.test_new_features.TestDebtSnowball" name="test_create_debt_with_min_payment" time="0.181" /><testcase classname="backend.tests.test_new_features.TestDebtSnowball" name="test_snowball_with_debts" time="0.923" /><testcase classname="backend.tests.test_new_features.TestCategories" name="test_get_categories_returns_defaults" time="0.474" /><testcase classname="backend.tests.test_new_features.TestCategories" name="test_admin_create_global_category" time="0.501" /><testcase classname="backend.tests.test_new_features.TestCategories" name="test_admin_delete_category" time="0.269" /><testcase classname="backend.tests.test_new_features.TestCategories" name="test_admin_create_user_specific_category" time="0.127" /><testcase classname="backend.tests.test_new_features.TestCategories" name="test_non_admin_cannot_create_category" time="0.756" /><testcase classname="backend.tests.test_new_features.TestAdvisorMessages" name="test_get_messages_empty" time="0.448" /><testcase classname="backend.tests.test_new_features.TestAdvisorMessages" name="test_create_message" time="0.106" /><testcase classname="backend.tests.test_new_features.TestAdvisorMessages" name="test_create_task_message" time="0.104" /><testcase classname="backend.tests.test_new_features.TestAdvisorMessages" name="test_toggle_task_completion" time="0.328" /><testcase classname="backend.tests.test_new_features.TestAdvisorMessages" name="test_admin_get_user_messages" time="0.461" /><testcase classname="backend.tests.test_new_features.TestAdvisorMessages" name="test_admin_send_message_to_user" time="0.105" /><testcase classname="backend.tests.test_new_features.TestAdvisorMessages" name="test_messages_filtered_by_month" time="1.084" /><testcase classname="backend.tests.test_new_features.TestDebtCRUD" name="test_create_debt_full_fields" time="0.999" /></testsuite></testsuites>