<?xml version="1.0" encoding="utf-8"?><testsuites name="pytest tests"><testsuite name="pytest" errors="0" failures="0" skipped="0" tests="13" time="1.890" timestamp="2026-04-16T02:53:54.171305+00:00" hostname="agent-env-72c43a2c-00f1-43ab-b8ed-7d35d35bb78e"><testcase classname="tests.test_new_features_v2.TestTimelineAPI" name="test_timeline_month_period" time="0.512" /><testcase classname="tests.test_new_features_v2.TestTimelineAPI" name="test_timeline_week_period" time="0.047" /><testcase classname="tests.test_new_features_v2.TestTimelineAPI" name="test_timeline_year_period" time="0.050" /><testcase classname="tests.test_new_features_v2.TestTimelineAPI" name="test_timeline_default_period" time="0.048" /><testcase classname="tests.test_new_features_v2.TestTimelineAPI" name="test_timeline_data_structure" time="0.149" /><testcase classname="tests.test_new_features_v2.TestConnectionsAPI" name="test_get_connections_empty" time="0.050" /><testcase classname="tests.test_new_features_v2.TestDashboardWithCategories" name="test_dashboard_has_all_transactions" time="0.267" /><testcase classname="tests.test_new_features_v2.TestDashboardWithCategories" name="test_dashboard_transactions_have_category" time="0.053" /><testcase classname="tests.test_new_features_v2.TestReportsEndpoint" name="test_reports_endpoint_exists" time="0.059" /><testcase classname="tests.test_new_features_v2.TestReportsEndpoint" name="test_reports_has_debt_savings_totals" time="0.051" /><testcase classname="tests.test_new_features_v2.TestSharedTransactionsAPI" name="test_shared_transaction_endpoint_exists" time="0.050" /><testcase classname="tests.test_new_features_v2.TestCategoriesAPI" name="test_get_categories" time="0.054" /><testcase classname="tests.test_new_features_v2.TestTransactionWithCalculator" name="test_create_transaction_with_amount" time="0.437" /></testsuite></testsuites>