<?xml version="1.0" encoding="utf-8"?><testsuites name="pytest tests"><testsuite name="pytest" errors="0" failures="0" skipped="0" tests="14" time="6.690" timestamp="2026-03-23T23:22:03.991980+00:00" hostname="agent-env-f096cf30-c195-4bda-bdbe-295082ccd6d9"><testcase classname="backend.tests.test_budget_and_debt_pmt.TestHealthCheck" name="test_api_health" time="0.280" /><testcase classname="backend.tests.test_budget_and_debt_pmt.TestBudgetEndpoints" name="test_get_budgets_empty" time="0.651" /><testcase classname="backend.tests.test_budget_and_debt_pmt.TestBudgetEndpoints" name="test_create_budget" time="0.340" /><testcase classname="backend.tests.test_budget_and_debt_pmt.TestBudgetEndpoints" name="test_budget_upsert_behavior" time="0.400" /><testcase classname="backend.tests.test_budget_and_debt_pmt.TestBudgetEndpoints" name="test_delete_budget" time="0.482" /><testcase classname="backend.tests.test_budget_and_debt_pmt.TestBudgetEndpoints" name="test_delete_nonexistent_budget" time="0.469" /><testcase classname="backend.tests.test_budget_and_debt_pmt.TestBudgetComparison" name="test_budget_comparison_empty" time="0.406" /><testcase classname="backend.tests.test_budget_and_debt_pmt.TestBudgetComparison" name="test_budget_comparison_with_data" time="0.351" /><testcase classname="backend.tests.test_budget_and_debt_pmt.TestBudgetComparison" name="test_budget_comparison_over_budget" time="0.736" /><testcase classname="backend.tests.test_budget_and_debt_pmt.TestDebtPMTCalculation" name="test_debt_with_pmt_calculation" time="0.543" /><testcase classname="backend.tests.test_budget_and_debt_pmt.TestDebtPMTCalculation" name="test_debt_zero_interest_simple_division" time="0.106" /><testcase classname="backend.tests.test_budget_and_debt_pmt.TestDebtPMTCalculation" name="test_debt_with_explicit_min_payment" time="0.227" /><testcase classname="backend.tests.test_budget_and_debt_pmt.TestDebtPMTCalculation" name="test_debt_no_installments_no_auto_calc" time="0.557" /><testcase classname="backend.tests.test_budget_and_debt_pmt.TestPMTFormulaAccuracy" name="test_pmt_various_scenarios" time="1.023" /></testsuite></testsuites>