<?xml version="1.0" encoding="utf-8"?><testsuites name="pytest tests"><testsuite name="pytest" errors="0" failures="0" skipped="0" tests="20" time="3.213" timestamp="2026-04-15T23:27:13.148768+00:00" hostname="agent-env-7b9225d3-78c5-4fb2-9f2e-3b696d5052fd"><testcase classname="backend.tests.test_new_features.TestPocketsCRUD" name="test_get_pockets_empty" time="0.201" /><testcase classname="backend.tests.test_new_features.TestPocketsCRUD" name="test_create_pocket" time="0.167" /><testcase classname="backend.tests.test_new_features.TestPocketsCRUD" name="test_get_pockets_after_create" time="0.110" /><testcase classname="backend.tests.test_new_features.TestPocketsCRUD" name="test_fund_pocket" time="0.147" /><testcase classname="backend.tests.test_new_features.TestPocketsCRUD" name="test_fund_pocket_again" time="0.157" /><testcase classname="backend.tests.test_new_features.TestPocketsCRUD" name="test_fund_nonexistent_pocket" time="0.152" /><testcase classname="backend.tests.test_new_features.TestPocketsCRUD" name="test_delete_pocket" time="0.112" /><testcase classname="backend.tests.test_new_features.TestPocketsCRUD" name="test_delete_nonexistent_pocket" time="0.158" /><testcase classname="backend.tests.test_new_features.TestTransactionsWithAssociations" name="test_create_pocket_for_transaction" time="0.170" /><testcase classname="backend.tests.test_new_features.TestTransactionsWithAssociations" name="test_create_transaction_with_pocket" time="0.167" /><testcase classname="backend.tests.test_new_features.TestTransactionsWithAssociations" name="test_create_transaction_with_savings_goal" time="0.263" /><testcase classname="backend.tests.test_new_features.TestTransactionsWithAssociations" name="test_create_transaction_with_debt" time="0.306" /><testcase classname="backend.tests.test_new_features.TestTransactionsWithAssociations" name="test_cleanup_test_pocket" time="0.144" /><testcase classname="backend.tests.test_new_features.TestBudgetComparison" name="test_budget_comparison_expense" time="0.109" /><testcase classname="backend.tests.test_new_features.TestBudgetComparison" name="test_budget_comparison_income" time="0.109" /><testcase classname="backend.tests.test_new_features.TestBudgetComparison" name="test_budget_comparison_with_month" time="0.128" /><testcase classname="backend.tests.test_new_features.TestDashboardIncludes" name="test_dashboard_includes_pockets" time="0.124" /><testcase classname="backend.tests.test_new_features.TestDashboardIncludes" name="test_dashboard_includes_debts" time="0.124" /><testcase classname="backend.tests.test_new_features.TestDashboardIncludes" name="test_dashboard_includes_savings_goals" time="0.162" /><testcase classname="backend.tests.test_new_features.TestDashboardIncludes" name="test_dashboard_full_structure" time="0.106" /></testsuite></testsuites>