<?xml version="1.0" encoding="utf-8"?><testsuites name="pytest tests"><testsuite name="pytest" errors="0" failures="0" skipped="0" tests="8" time="1.765" timestamp="2026-03-24T01:48:45.082868+00:00" hostname="agent-env-7b9225d3-78c5-4fb2-9f2e-3b696d5052fd"><testcase classname="backend.tests.test_impersonation.TestAdminImpersonation" name="test_admin_auth_works" time="0.191" /><testcase classname="backend.tests.test_impersonation.TestAdminImpersonation" name="test_get_users_list" time="0.174" /><testcase classname="backend.tests.test_impersonation.TestAdminImpersonation" name="test_impersonate_user_success" time="0.230" /><testcase classname="backend.tests.test_impersonation.TestAdminImpersonation" name="test_impersonate_nonexistent_user" time="0.098" /><testcase classname="backend.tests.test_impersonation.TestAdminImpersonation" name="test_stop_impersonation" time="0.322" /><testcase classname="backend.tests.test_impersonation.TestAdminImpersonation" name="test_non_admin_cannot_impersonate" time="0.414" /><testcase classname="backend.tests.test_impersonation.TestBudgetComparisonTabs" name="test_expense_budget_comparison" time="0.180" /><testcase classname="backend.tests.test_impersonation.TestBudgetComparisonTabs" name="test_income_budget_comparison" time="0.108" /></testsuite></testsuites>