<?xml version="1.0" encoding="utf-8"?><testsuites name="pytest tests"><testsuite name="pytest" errors="0" failures="0" skipped="0" tests="19" time="3.983" timestamp="2026-04-16T03:08:43.877746+00:00" hostname="agent-env-72c43a2c-00f1-43ab-b8ed-7d35d35bb78e"><testcase classname="backend.tests.test_meetings.TestAdminCreateMeeting" name="test_admin_create_meeting_success" time="0.862" /><testcase classname="backend.tests.test_meetings.TestAdminCreateMeeting" name="test_admin_create_recurring_meeting" time="0.183" /><testcase classname="backend.tests.test_meetings.TestAdminCreateMeeting" name="test_admin_create_meeting_monthly_recurrence" time="0.120" /><testcase classname="backend.tests.test_meetings.TestAdminCreateMeeting" name="test_non_admin_cannot_create_meeting" time="0.124" /><testcase classname="backend.tests.test_meetings.TestAdminCreateMeeting" name="test_create_meeting_for_nonexistent_user" time="0.111" /><testcase classname="backend.tests.test_meetings.TestAdminGetUserMeetings" name="test_admin_get_user_meetings" time="0.105" /><testcase classname="backend.tests.test_meetings.TestAdminGetUserMeetings" name="test_non_admin_cannot_get_user_meetings" time="0.126" /><testcase classname="backend.tests.test_meetings.TestAdminUpdateMeeting" name="test_admin_update_meeting_title" time="0.125" /><testcase classname="backend.tests.test_meetings.TestAdminUpdateMeeting" name="test_admin_update_meeting_time" time="0.119" /><testcase classname="backend.tests.test_meetings.TestAdminUpdateMeeting" name="test_admin_update_meeting_recurrence" time="0.105" /><testcase classname="backend.tests.test_meetings.TestAdminUpdateMeeting" name="test_update_nonexistent_meeting" time="0.111" /><testcase classname="backend.tests.test_meetings.TestAdminUpdateMeeting" name="test_update_meeting_empty_body" time="0.149" /><testcase classname="backend.tests.test_meetings.TestAdminCancelMeeting" name="test_admin_cancel_meeting" time="0.369" /><testcase classname="backend.tests.test_meetings.TestAdminCancelMeeting" name="test_cancel_nonexistent_meeting" time="0.100" /><testcase classname="backend.tests.test_meetings.TestUserGetMeetings" name="test_user_get_upcoming_meetings" time="0.110" /><testcase classname="backend.tests.test_meetings.TestUserGetMeetings" name="test_user_meetings_excludes_cancelled" time="0.121" /><testcase classname="backend.tests.test_meetings.TestUserGetMeetings" name="test_unauthenticated_cannot_get_meetings" time="0.125" /><testcase classname="backend.tests.test_meetings.TestMeetingDataIntegrity" name="test_meeting_has_all_required_fields" time="0.184" /><testcase classname="backend.tests.test_meetings.TestMeetingDataIntegrity" name="test_meeting_notification_created" time="0.665" /></testsuite></testsuites>