<?xml version="1.0" encoding="utf-8"?><testsuites name="pytest tests"><testsuite name="pytest" errors="0" failures="0" skipped="0" tests="6" time="8.974" timestamp="2026-04-25T01:22:00.326278+00:00" hostname="agent-env-72c43a2c-00f1-43ab-b8ed-7d35d35bb78e"><testcase classname="tests.test_voice_feature.TestVoiceEndpointExists" name="test_voice_endpoint_returns_401_without_auth" time="1.495" /><testcase classname="tests.test_voice_feature.TestVoiceEndpointExists" name="test_voice_endpoint_returns_422_without_file" time="0.545" /><testcase classname="tests.test_voice_feature.TestVoiceEndpointWithAuth" name="test_voice_endpoint_accepts_audio_file" time="2.856" /><testcase classname="tests.test_voice_feature.TestVoiceEndpointWithAuth" name="test_voice_endpoint_response_structure" time="2.587" /><testcase classname="tests.test_voice_feature.TestVoiceEndpointErrorHandling" name="test_voice_endpoint_with_invalid_session" time="0.192" /><testcase classname="tests.test_voice_feature.TestVoiceEndpointErrorHandling" name="test_voice_endpoint_with_expired_session" time="1.240" /></testsuite></testsuites>